<?xml version="1.0" encoding="UTF-8"?>
<!-- Generated by org.testng.reporters.JUnitReportReporter -->
<testsuite hostname="LAPTOP-14G6ACJ1" failures="0" tests="4" name="dataprovider.ToLearnDataProvider" time="19.712" errors="0" timestamp="2025-06-17T13:27:32 IST" skipped="0">
  <testcase classname="dataprovider.ToLearnDataProvider" name="login" time="4.444"/>
  <testcase classname="dataprovider.ToLearnDataProvider" name="login" time="5.998"/>
  <testcase classname="dataprovider.ToLearnDataProvider" name="login" time="4.431"/>
  <testcase classname="dataprovider.ToLearnDataProvider" name="login" time="4.839"/>
</testsuite> <!-- dataprovider.ToLearnDataProvider -->
