<?xml version="1.0" encoding="UTF-8"?>
<!-- Generated by org.testng.reporters.JUnitReportReporter -->
<testsuite hostname="LAPTOP-14G6ACJ1" failures="0" tests="4" name="dataprovider.ToLearn1706" time="30.787" errors="0" timestamp="2025-06-17T15:49:58 IST" skipped="0">
  <testcase classname="dataprovider.ToLearn1706" name="register" time="9.054"/>
  <testcase classname="dataprovider.ToLearn1706" name="register" time="7.057"/>
  <testcase classname="dataprovider.ToLearn1706" name="register" time="7.235"/>
  <testcase classname="dataprovider.ToLearn1706" name="register" time="7.441"/>
</testsuite> <!-- dataprovider.ToLearn1706 -->
