<?xml version="1.0" encoding="UTF-8"?>
<!-- Generated by org.testng.reporters.JUnitReportReporter -->
<testsuite hostname="LAPTOP-14G6ACJ1" failures="0" tests="1" name="testNG.TolearnKumar" time="13.654" errors="0" timestamp="2025-06-16T18:03:31 IST" skipped="0">
  <testcase classname="testNG.TolearnKumar" name="clickOnBooks" time="13.654">
    <system-out>
      <![CDATA[Home Page is Displayed]]>
    </system-out>
  </testcase> <!-- clickOnBooks -->
  <system-out>
    <![CDATA[Home Page is Displayed]]>
  </system-out>
</testsuite> <!-- testNG.TolearnKumar -->
