<?xml version="1.0" encoding="UTF-8"?>
<!-- Generated by org.testng.reporters.JUnitReportReporter -->
<testsuite hostname="LAPTOP-14G6ACJ1" failures="0" tests="3" name="Practice.ToLrean1106" time="0.023" errors="0" timestamp="2025-06-11T17:15:54 IST" skipped="0">
  <testcase classname="Practice.ToLrean1106" name="editAccount" time="0.002">
    <system-out>
      <![CDATA[Running editAccount]]>
    </system-out>
  </testcase> <!-- editAccount -->
  <testcase classname="Practice.ToLrean1106" name="deleteAccount" time="0.002">
    <system-out>
      <![CDATA[Running deleteAccount]]>
    </system-out>
  </testcase> <!-- deleteAccount -->
  <testcase classname="Practice.ToLrean1106" name="zddAccount" time="0.019">
    <system-out>
      <![CDATA[Running addAccount]]>
    </system-out>
  </testcase> <!-- zddAccount -->
  <system-out>
    <![CDATA[Running addAccount
Running editAccount
Running deleteAccount]]>
  </system-out>
</testsuite> <!-- Practice.ToLrean1106 -->
