<?xml version="1.0" encoding="UTF-8"?>
<!-- Generated by org.testng.reporters.JUnitReportReporter -->
<testsuite hostname="LAPTOP-14G6ACJ1" failures="0" tests="3" name="ProjectTestNG.ToLearn1606" time="14.213" errors="0" timestamp="2025-06-17T13:34:35 IST" skipped="0">
  <testcase classname="ProjectTestNG.ToLearn1606" name="digitalDownloads" time="4.475">
    <system-out>
      <![CDATA[Digital downloads is displayed]]>
    </system-out>
  </testcase> <!-- digitalDownloads -->
  <testcase classname="ProjectTestNG.ToLearn1606" name="giftCards" time="4.661">
    <system-out>
      <![CDATA[Gift Cards is Displayed]]>
    </system-out>
  </testcase> <!-- giftCards -->
  <testcase classname="ProjectTestNG.ToLearn1606" name="apparelAndShoes" time="5.077">
    <system-out>
      <![CDATA[Apparel & Shoes is Dispayed]]>
    </system-out>
  </testcase> <!-- apparelAndShoes -->
  <system-out>
    <![CDATA[Apparel & Shoes is Dispayed
Digital downloads is displayed
Gift Cards is Displayed]]>
  </system-out>
</testsuite> <!-- ProjectTestNG.ToLearn1606 -->
