<?xml version="1.0" encoding="UTF-8"?>
<!-- Generated by org.testng.reporters.JUnitReportReporter -->
<testsuite hostname="LAPTOP-14G6ACJ1" failures="0" tests="3" name="testNG.ToLearnDependsOnMethods" time="12.059" errors="0" timestamp="2025-06-16T17:53:44 IST" skipped="1">
  <testcase classname="testNG.ToLearnDependsOnMethods" name="register" time="6.058"/>
  <testcase classname="testNG.ToLearnDependsOnMethods" name="login" time="6.001"/>
  <testcase classname="testNG.ToLearnDependsOnMethods" name="addToCart">
    <skipped/>
  </testcase> <!-- addToCart -->
  <system-out>
    <![CDATA[register page is running
demo test case executed
sample test case executed
login page is running
Empty bro
Empty bro]]>
  </system-out>
</testsuite> <!-- testNG.ToLearnDependsOnMethods -->
