<?xml version="1.0" encoding="UTF-8"?>
<!-- Generated by org.testng.reporters.JUnitReportReporter -->
<testsuite hostname="LAPTOP-14G6ACJ1" failures="0" tests="1" name="Practice.ToLearn0606" time="15.504" errors="0" timestamp="2025-06-06T18:26:10 IST" skipped="0">
  <testcase classname="Practice.ToLearn0606" name="Facebook" time="15.504"/>
</testsuite> <!-- Practice.ToLearn0606 -->
