<?xml version="1.0" encoding="UTF-8"?>
<!-- Generated by org.testng.reporters.JUnitReportReporter -->
<testsuite hostname="LAPTOP-14G6ACJ1" failures="0" tests="2" name="testNG.ToLearnTestNG" time="0.021" errors="0" timestamp="2025-06-16T17:53:45 IST" skipped="0">
  <testcase classname="testNG.ToLearnTestNG" name="sample" time="0.003">
    <system-out>
      <![CDATA[sample test case executed]]>
    </system-out>
  </testcase> <!-- sample -->
  <testcase classname="testNG.ToLearnTestNG" name="demo" time="0.018">
    <system-out>
      <![CDATA[demo test case executed]]>
    </system-out>
  </testcase> <!-- demo -->
  <system-out>
    <![CDATA[register page is running
demo test case executed
sample test case executed
login page is running
Empty bro
Empty bro]]>
  </system-out>
</testsuite> <!-- testNG.ToLearnTestNG -->
